f:\arrayio\array-io-keychain\keychain_gui_win\keychain_pass_entry_app.dir\debug\main.obj
f:\arrayio\array-io-keychain\keychain_gui_win\keychain_pass_entry_app.dir\debug\moc_popupwindow.obj
f:\arrayio\array-io-keychain\keychain_gui_win\keychain_pass_entry_app.dir\debug\popupwindow.obj
f:\arrayio\array-io-keychain\keychain_gui_win\keychain_pass_entry_app.dir\debug\securewindowelement.obj
f:\arrayio\array-io-keychain\keychain_gui_win\keychain_pass_entry_app.dir\debug\keychain_gui_win.obj
f:\arrayio\array-io-keychain\keychain_gui_win\keychain_pass_entry_app.dir\debug\moc_lockicon.obj
f:\arrayio\array-io-keychain\keychain_gui_win\keychain_pass_entry_app.dir\debug\moc_securewindowelement.obj
f:\arrayio\array-io-keychain\keychain_gui_win\keychain_pass_entry_app.dir\debug\lockicon.obj
f:\arrayio\array-io-keychain\keychain_gui_win\keychain_pass_entry_app.dir\debug\moc_keychain_gui_win.obj
f:\arrayio\array-io-keychain\keychain_gui_win\keychain_pass_entry_app.dir\debug\qrc_keychain_gui_win.obj
f:\arrayio\array-io-keychain\keychain_gui_win\keychain_pass_entry_app.dir\debug\vc141.pdb
f:\arrayio\array-io-keychain\keychain_gui_win\generatedfiles\debug\moc_keychain_gui_win.cpp
f:\arrayio\array-io-keychain\keychain_gui_win\generatedfiles\debug\moc_lockicon.cpp
f:\arrayio\array-io-keychain\keychain_gui_win\generatedfiles\debug\moc_popupwindow.cpp
f:\arrayio\array-io-keychain\keychain_gui_win\generatedfiles\debug\moc_securewindowelement.cpp
f:\arrayio\array-io-keychain\keychain_gui_win\generatedfiles\qrc_keychain_gui_win.cpp
f:\arrayio\array-io-keychain\keychain_gui_win\generatedfiles\ui_keychain_gui_win.h
f:\arrayio\array-io-keychain\keychain_gui_win\generatedfiles\ui_securewindowelement.h
f:\arrayio\array-io-keychain\build\keychain_service_win\keychain_gui_win\debug\keychain_gui_win.ilk
f:\arrayio\array-io-keychain\build\keychain_service_win\keychain_gui_win\debug\keychain_gui_win.exe
f:\arrayio\array-io-keychain\build\keychain_service_win\keychain_gui_win\debug\keychain_pass_gui.pdb
f:\arrayio\array-io-keychain\keychain_gui_win\.\generatedfiles\debug\moc_keychain_gui_win.cpp
f:\arrayio\array-io-keychain\keychain_gui_win\.\generatedfiles\debug\moc_lockicon.cpp
f:\arrayio\array-io-keychain\keychain_gui_win\.\generatedfiles\debug\moc_popupwindow.cpp
f:\arrayio\array-io-keychain\keychain_gui_win\.\generatedfiles\debug\moc_securewindowelement.cpp
f:\arrayio\array-io-keychain\keychain_gui_win\.\generatedfiles\qrc_keychain_gui_win.cpp
f:\arrayio\array-io-keychain\keychain_gui_win\.\generatedfiles\ui_keychain_gui_win.h
f:\arrayio\array-io-keychain\keychain_gui_win\.\generatedfiles\ui_securewindowelement.h
f:\arrayio\array-io-keychain\keychain_gui_win\keychain_pass_entry_app.dir\debug\keychain_gui_win.tlog\cl.command.1.tlog
f:\arrayio\array-io-keychain\keychain_gui_win\keychain_pass_entry_app.dir\debug\keychain_gui_win.tlog\cl.read.1.tlog
f:\arrayio\array-io-keychain\keychain_gui_win\keychain_pass_entry_app.dir\debug\keychain_gui_win.tlog\cl.write.1.tlog
f:\arrayio\array-io-keychain\keychain_gui_win\keychain_pass_entry_app.dir\debug\keychain_gui_win.tlog\keychain_gui_win.write.1u.tlog
f:\arrayio\array-io-keychain\keychain_gui_win\keychain_pass_entry_app.dir\debug\keychain_gui_win.tlog\link.command.1.tlog
f:\arrayio\array-io-keychain\keychain_gui_win\keychain_pass_entry_app.dir\debug\keychain_gui_win.tlog\link.read.1.tlog
f:\arrayio\array-io-keychain\keychain_gui_win\keychain_pass_entry_app.dir\debug\keychain_gui_win.tlog\link.write.1.tlog
f:\arrayio\array-io-keychain\keychain_gui_win\keychain_pass_entry_app.dir\debug\keychain_gui_win.tlog\qtmoc.read.1u.tlog
f:\arrayio\array-io-keychain\keychain_gui_win\keychain_pass_entry_app.dir\debug\keychain_gui_win.tlog\qtmoc.write.1u.tlog
f:\arrayio\array-io-keychain\keychain_gui_win\keychain_pass_entry_app.dir\debug\keychain_gui_win.tlog\qtrcc.read.1u.tlog
f:\arrayio\array-io-keychain\keychain_gui_win\keychain_pass_entry_app.dir\debug\keychain_gui_win.tlog\qtrcc.write.1u.tlog
f:\arrayio\array-io-keychain\keychain_gui_win\keychain_pass_entry_app.dir\debug\keychain_gui_win.tlog\qtuic.read.1u.tlog
f:\arrayio\array-io-keychain\keychain_gui_win\keychain_pass_entry_app.dir\debug\keychain_gui_win.tlog\qtuic.write.1u.tlog
